<?xml version="1.0" encoding="UTF-8"?>
<testng-results skipped="0" failed="0" ignored="0" total="1" passed="1">
  <reporter-output>
  </reporter-output>
  <suite name="Default suite" duration-ms="12001" started-at="2018-01-24T11:53:37Z" finished-at="2018-01-24T11:53:49Z">
    <groups>
    </groups>
    <test name="Default test" duration-ms="12001" started-at="2018-01-24T11:53:37Z" finished-at="2018-01-24T11:53:49Z">
      <class name="firsttestngpackage.FirsrTestNGFile">
        <test-method status="PASS" signature="testNGTile()[pri:0, instance:firsttestngpackage.FirsrTestNGFile@2833cc44]" name="testNGTile" duration-ms="11979" started-at="2018-01-24T17:23:37Z" finished-at="2018-01-24T17:23:49Z">
          <reporter-output>
          </reporter-output>
        </test-method> <!-- testNGTile -->
      </class> <!-- firsttestngpackage.FirsrTestNGFile -->
    </test> <!-- Default test -->
  </suite> <!-- Default suite -->
</testng-results>
